0 info it worked if it ends with ok
1 verbose cli [ 'node',
1 verbose cli   '/usr/local/bin/npm',
1 verbose cli   'install',
1 verbose cli   'btford.socket-io',
1 verbose cli   '--save' ]
2 info using npm@1.3.8
3 info using node@v0.10.17
4 verbose readDependencies using package.json deps
5 verbose cache add [ 'btford.socket-io', null ]
6 verbose cache add name=undefined spec="btford.socket-io" args=["btford.socket-io",null]
7 verbose parsed url { protocol: null,
7 verbose parsed url   slashes: null,
7 verbose parsed url   auth: null,
7 verbose parsed url   host: null,
7 verbose parsed url   port: null,
7 verbose parsed url   hostname: null,
7 verbose parsed url   hash: null,
7 verbose parsed url   search: null,
7 verbose parsed url   query: null,
7 verbose parsed url   pathname: 'btford.socket-io',
7 verbose parsed url   path: 'btford.socket-io',
7 verbose parsed url   href: 'btford.socket-io' }
8 silly lockFile 942c7968-btford-socket-io btford.socket-io
9 verbose lock btford.socket-io /Users/khebert/.npm/942c7968-btford-socket-io.lock
10 silly lockFile 942c7968-btford-socket-io btford.socket-io
11 silly lockFile 942c7968-btford-socket-io btford.socket-io
12 verbose addNamed [ 'btford.socket-io', '' ]
13 verbose addNamed [ null, '*' ]
14 silly lockFile f1324d8c-btford-socket-io btford.socket-io@
15 verbose lock btford.socket-io@ /Users/khebert/.npm/f1324d8c-btford-socket-io.lock
16 silly addNameRange { name: 'btford.socket-io', range: '*', hasData: false }
17 verbose url raw btford.socket-io
18 verbose url resolving [ 'https://registry.npmjs.org/', './btford.socket-io' ]
19 verbose url resolved https://registry.npmjs.org/btford.socket-io
20 info trying registry request attempt 1 at 03:25:33
21 http GET https://registry.npmjs.org/btford.socket-io
22 http 404 https://registry.npmjs.org/btford.socket-io
23 silly registry.get cb [ 404,
23 silly registry.get   { date: 'Fri, 04 Jul 2014 10:25:45 GMT',
23 silly registry.get     server: 'CouchDB/1.5.0 (Erlang OTP/R16B03)',
23 silly registry.get     'content-type': 'application/json',
23 silly registry.get     'cache-control': 'max-age=0',
23 silly registry.get     'content-length': '52',
23 silly registry.get     'accept-ranges': 'bytes',
23 silly registry.get     via: '1.1 varnish',
23 silly registry.get     age: '0',
23 silly registry.get     'x-served-by': 'cache-lax1434-LAX',
23 silly registry.get     'x-cache': 'MISS',
23 silly registry.get     'x-cache-hits': '0',
23 silly registry.get     'x-timer': 'S1404469545.533231,VS0,VE80',
23 silly registry.get     'keep-alive': 'timeout=10, max=50',
23 silly registry.get     connection: 'Keep-Alive' } ]
24 silly lockFile f1324d8c-btford-socket-io btford.socket-io@
25 silly lockFile f1324d8c-btford-socket-io btford.socket-io@
26 error 404 'btford.socket-io' is not in the npm registry.
26 error 404 You should bug the author to publish it
26 error 404
26 error 404 Note that you can also install from a
26 error 404 tarball, folder, or http url, or git url.
27 error System Darwin 13.2.0
28 error command "node" "/usr/local/bin/npm" "install" "btford.socket-io" "--save"
29 error cwd /Users/khebert/Sites/thankful
30 error node -v v0.10.17
31 error npm -v 1.3.8
32 error code E404
33 verbose exit [ 1, true ]
